2025-01-11 20:24:29 [main] INFO  hook.Hooks - Test başlıyor. URL açılıyor...
2025-01-11 20:24:32 [main] INFO  hook.Hooks - Sayfa açıldı ve hazır.
2025-01-11 20:24:38 [main] INFO  hook.Hooks - Test başlıyor. URL açılıyor...
2025-01-11 20:24:42 [main] INFO  hook.Hooks - Sayfa açıldı ve hazır.
2025-01-11 20:24:47 [main] INFO  hook.Hooks - Test başlıyor. URL açılıyor...
2025-01-11 20:24:51 [main] INFO  hook.Hooks - Sayfa açıldı ve hazır.
2025-01-11 20:25:31 [main] INFO  hook.Hooks - Test başlıyor. URL açılıyor...
2025-01-11 20:25:38 [main] INFO  hook.Hooks - Test başlıyor. URL açılıyor...
2025-01-11 20:25:44 [main] INFO  hook.Hooks - Test başlıyor. URL açılıyor...
2025-01-11 20:28:08 [main] INFO  hook.Hooks - Test başlıyor. URL açılıyor...
2025-01-11 20:28:15 [main] INFO  hook.Hooks - Test başlıyor. URL açılıyor...
2025-01-11 20:28:21 [main] INFO  hook.Hooks - Test başlıyor. URL açılıyor...
2025-01-11 20:29:13 [main] INFO  hook.Hooks - Test başlıyor. URL açılıyor...
2025-01-11 20:29:19 [main] INFO  hook.Hooks - Test başlıyor. URL açılıyor...
2025-01-11 20:29:25 [main] INFO  hook.Hooks - Test başlıyor. URL açılıyor...
2025-01-11 21:22:30 [main] INFO  hook.Hooks - Test başlıyor. URL açılıyor...
2025-01-11 21:23:02 [main] INFO  hook.Hooks - Test başlıyor. URL açılıyor...
2025-01-11 21:24:02 [main] INFO  hook.Hooks - Test başlıyor. URL açılıyor...
2025-01-11 21:24:24 [main] INFO  hook.Hooks - Test başlıyor. URL açılıyor...
2025-01-11 21:26:54 [main] INFO  hook.Hooks - Test başlıyor. URL açılıyor...
2025-01-11 21:28:01 [main] INFO  hook.Hooks - Test başlıyor. URL açılıyor...
2025-01-11 21:28:55 [main] INFO  hook.Hooks - Test başlıyor. URL açılıyor...
2025-01-11 21:29:44 [main] INFO  hook.Hooks - Test başlıyor. URL açılıyor...
2025-01-11 21:30:35 [main] INFO  hook.Hooks - Test başlıyor. URL açılıyor...
2025-01-11 21:30:55 [main] INFO  hook.Hooks - Test başlıyor. URL açılıyor...
2025-01-11 21:39:27 [main] INFO  hook.Hooks - Test başlıyor. URL açılıyor...
2025-01-11 21:39:49 [main] INFO  hook.Hooks - Test başlıyor. URL açılıyor...
2025-01-11 21:40:03 [main] INFO  hook.Hooks - Test başlıyor. URL açılıyor...
2025-01-11 21:40:53 [main] INFO  hook.Hooks - Test başlıyor. URL açılıyor...
2025-01-11 21:41:27 [main] INFO  hook.Hooks - Test başlıyor. URL açılıyor...
2025-01-11 21:48:13 [main] INFO  hook.Hooks - Test başlıyor. URL açılıyor...
2025-01-11 21:48:19 [main] INFO  hook.Hooks - Test başlıyor. URL açılıyor...
2025-01-11 21:48:26 [main] INFO  hook.Hooks - Test başlıyor. URL açılıyor...
2025-01-11 21:48:34 [main] INFO  hook.Hooks - Test başlıyor. URL açılıyor...
2025-01-11 21:48:41 [main] INFO  hook.Hooks - Test başlıyor. URL açılıyor...
2025-01-11 21:48:47 [main] INFO  hook.Hooks - Test başlıyor. URL açılıyor...
2025-01-11 21:48:53 [main] INFO  hook.Hooks - Test başlıyor. URL açılıyor...
2025-01-11 22:00:26 [main] INFO  hook.Hooks - Test başlıyor. URL açılıyor...
2025-01-11 22:00:47 [main] INFO  hook.Hooks - Test başlıyor. URL açılıyor...
2025-01-11 22:02:13 [main] INFO  hook.Hooks - Test başlıyor. URL açılıyor...
2025-01-11 22:02:19 [main] INFO  hook.Hooks - Test başlıyor. URL açılıyor...
2025-01-11 22:02:26 [main] INFO  hook.Hooks - Test başlıyor. URL açılıyor...
2025-01-11 22:02:32 [main] INFO  hook.Hooks - Test başlıyor. URL açılıyor...
2025-01-11 22:02:39 [main] INFO  hook.Hooks - Test başlıyor. URL açılıyor...
2025-01-11 22:02:45 [main] INFO  hook.Hooks - Test başlıyor. URL açılıyor...
2025-01-11 22:02:51 [main] INFO  hook.Hooks - Test başlıyor. URL açılıyor...
2025-01-11 22:03:55 [main] INFO  hook.Hooks - Test başlıyor. URL açılıyor...
2025-01-11 22:04:01 [main] INFO  hook.Hooks - Test başlıyor. URL açılıyor...
2025-01-11 22:04:07 [main] INFO  hook.Hooks - Test başlıyor. URL açılıyor...
2025-01-11 22:04:10 [main] ERROR hook.Hooks - Test öncesi adımlarda hata oluştu: 
org.openqa.selenium.StaleElementReferenceException: stale element reference: stale element not found in the current frame
  (Session info: chrome=131.0.6778.265)
For documentation on this error, please visit: https://www.selenium.dev/documentation/webdriver/troubleshooting/errors#stale-element-reference-exception
Build info: version: '4.27.0', revision: 'd6e718d134'
System info: os.name: 'Windows 10', os.arch: 'amd64', os.version: '10.0', java.version: '11.0.23'
Driver info: org.openqa.selenium.chrome.ChromeDriver
Command: [9042000b9f95cfd419ce988f26a8b4e3, clickElement {id=f.3FB0CE26E89E78A7F509B1384D8786AD.d.EEA6FC405F9AF44771DE170AB9A8E5D4.e.10}]
Capabilities {acceptInsecureCerts: false, browserName: chrome, browserVersion: 131.0.6778.265, chrome: {chromedriverVersion: 131.0.6778.264 (2d05e315153..., userDataDir: C:\Users\Cem\AppData\Local\...}, fedcm:accounts: true, goog:chromeOptions: {debuggerAddress: localhost:59630}, networkConnectionEnabled: false, pageLoadStrategy: normal, platformName: windows, proxy: Proxy(), se:cdp: ws://localhost:59630/devtoo..., se:cdpVersion: 131.0.6778.265, setWindowRect: true, strictFileInteractability: false, timeouts: {implicit: 0, pageLoad: 300000, script: 30000}, unhandledPromptBehavior: dismiss and notify, webauthn:extension:credBlob: true, webauthn:extension:largeBlob: true, webauthn:extension:minPinLength: true, webauthn:extension:prf: true, webauthn:virtualAuthenticators: true}
Element: [[ChromeDriver: chrome on windows (9042000b9f95cfd419ce988f26a8b4e3)] -> xpath: //div[@class='css-146c3p1 r-jwli3a r-1b43r93']]
Session ID: 9042000b9f95cfd419ce988f26a8b4e3
	at jdk.internal.reflect.NativeConstructorAccessorImpl.newInstance0(Native Method) ~[?:?]
	at jdk.internal.reflect.NativeConstructorAccessorImpl.newInstance(NativeConstructorAccessorImpl.java:62) ~[?:?]
	at jdk.internal.reflect.DelegatingConstructorAccessorImpl.newInstance(DelegatingConstructorAccessorImpl.java:45) ~[?:?]
	at java.lang.reflect.Constructor.newInstance(Constructor.java:490) ~[?:?]
	at org.openqa.selenium.remote.ErrorCodec.decode(ErrorCodec.java:167) ~[selenium-remote-driver-4.27.0.jar:?]
	at org.openqa.selenium.remote.codec.w3c.W3CHttpResponseCodec.decode(W3CHttpResponseCodec.java:138) ~[selenium-remote-driver-4.27.0.jar:?]
	at org.openqa.selenium.remote.codec.w3c.W3CHttpResponseCodec.decode(W3CHttpResponseCodec.java:50) ~[selenium-remote-driver-4.27.0.jar:?]
	at org.openqa.selenium.remote.HttpCommandExecutor.execute(HttpCommandExecutor.java:190) ~[selenium-remote-driver-4.27.0.jar:?]
	at org.openqa.selenium.remote.service.DriverCommandExecutor.invokeExecute(DriverCommandExecutor.java:216) ~[selenium-remote-driver-4.27.0.jar:?]
	at org.openqa.selenium.remote.service.DriverCommandExecutor.execute(DriverCommandExecutor.java:174) ~[selenium-remote-driver-4.27.0.jar:?]
	at org.openqa.selenium.remote.RemoteWebDriver.execute(RemoteWebDriver.java:545) ~[selenium-remote-driver-4.27.0.jar:?]
	at org.openqa.selenium.remote.RemoteWebElement.execute(RemoteWebElement.java:223) ~[selenium-remote-driver-4.27.0.jar:?]
	at org.openqa.selenium.remote.RemoteWebElement.click(RemoteWebElement.java:76) ~[selenium-remote-driver-4.27.0.jar:?]
	at jdk.internal.reflect.GeneratedMethodAccessor46.invoke(Unknown Source) ~[?:?]
	at jdk.internal.reflect.DelegatingMethodAccessorImpl.invoke(DelegatingMethodAccessorImpl.java:43) ~[?:?]
	at java.lang.reflect.Method.invoke(Method.java:566) ~[?:?]
	at org.openqa.selenium.support.pagefactory.internal.LocatingElementHandler.invoke(LocatingElementHandler.java:51) ~[selenium-support-4.27.0.jar:?]
	at com.sun.proxy.$Proxy30.click(Unknown Source) ~[?:?]
	at hook.Hooks.setUp(Hooks.java:29) ~[test-classes/:?]
	at jdk.internal.reflect.NativeMethodAccessorImpl.invoke0(Native Method) ~[?:?]
	at jdk.internal.reflect.NativeMethodAccessorImpl.invoke(NativeMethodAccessorImpl.java:62) ~[?:?]
	at jdk.internal.reflect.DelegatingMethodAccessorImpl.invoke(DelegatingMethodAccessorImpl.java:43) ~[?:?]
	at java.lang.reflect.Method.invoke(Method.java:566) ~[?:?]
	at io.cucumber.java.Invoker.doInvoke(Invoker.java:66) ~[cucumber-java-7.20.1.jar:7.20.1]
	at io.cucumber.java.Invoker.invoke(Invoker.java:24) ~[cucumber-java-7.20.1.jar:7.20.1]
	at io.cucumber.java.AbstractGlueDefinition.invokeMethod(AbstractGlueDefinition.java:47) ~[cucumber-java-7.20.1.jar:7.20.1]
	at io.cucumber.java.JavaHookDefinition.execute(JavaHookDefinition.java:64) ~[cucumber-java-7.20.1.jar:7.20.1]
	at io.cucumber.core.runner.CoreHookDefinition.execute(CoreHookDefinition.java:47) ~[cucumber-core-7.20.1.jar:7.20.1]
	at io.cucumber.core.runner.HookDefinitionMatch.runStep(HookDefinitionMatch.java:21) ~[cucumber-core-7.20.1.jar:7.20.1]
	at io.cucumber.core.runner.ExecutionMode$1.execute(ExecutionMode.java:10) ~[cucumber-core-7.20.1.jar:7.20.1]
	at io.cucumber.core.runner.TestStep.executeStep(TestStep.java:81) ~[cucumber-core-7.20.1.jar:7.20.1]
	at io.cucumber.core.runner.TestStep.run(TestStep.java:53) ~[cucumber-core-7.20.1.jar:7.20.1]
	at io.cucumber.core.runner.TestCase.run(TestCase.java:78) ~[cucumber-core-7.20.1.jar:7.20.1]
	at io.cucumber.core.runner.Runner.runPickle(Runner.java:75) ~[cucumber-core-7.20.1.jar:7.20.1]
	at io.cucumber.core.runtime.Runtime.lambda$executePickle$6(Runtime.java:107) ~[cucumber-core-7.20.1.jar:7.20.1]
	at io.cucumber.core.runtime.CucumberExecutionContext.lambda$runTestCase$5(CucumberExecutionContext.java:136) ~[cucumber-core-7.20.1.jar:7.20.1]
	at io.cucumber.core.runtime.RethrowingThrowableCollector.executeAndThrow(RethrowingThrowableCollector.java:23) ~[cucumber-core-7.20.1.jar:7.20.1]
	at io.cucumber.core.runtime.CucumberExecutionContext.runTestCase(CucumberExecutionContext.java:136) ~[cucumber-core-7.20.1.jar:7.20.1]
	at io.cucumber.core.runtime.Runtime.lambda$executePickle$7(Runtime.java:107) ~[cucumber-core-7.20.1.jar:7.20.1]
	at java.util.concurrent.Executors$RunnableAdapter.call(Executors.java:515) ~[?:?]
	at java.util.concurrent.FutureTask.run(FutureTask.java:264) ~[?:?]
	at io.cucumber.core.runtime.Runtime$SameThreadExecutorService.execute(Runtime.java:235) ~[cucumber-core-7.20.1.jar:7.20.1]
	at java.util.concurrent.AbstractExecutorService.submit(AbstractExecutorService.java:118) ~[?:?]
	at io.cucumber.core.runtime.Runtime.lambda$runFeatures$3(Runtime.java:89) ~[cucumber-core-7.20.1.jar:7.20.1]
	at java.util.stream.ReferencePipeline$3$1.accept(ReferencePipeline.java:195) ~[?:?]
	at java.util.stream.SliceOps$1$1.accept(SliceOps.java:199) ~[?:?]
	at java.util.ArrayList$ArrayListSpliterator.tryAdvance(ArrayList.java:1632) ~[?:?]
	at java.util.stream.ReferencePipeline.forEachWithCancel(ReferencePipeline.java:127) ~[?:?]
	at java.util.stream.AbstractPipeline.copyIntoWithCancel(AbstractPipeline.java:502) ~[?:?]
	at java.util.stream.AbstractPipeline.copyInto(AbstractPipeline.java:488) ~[?:?]
	at java.util.stream.AbstractPipeline.wrapAndCopyInto(AbstractPipeline.java:474) ~[?:?]
	at java.util.stream.ReduceOps$ReduceOp.evaluateSequential(ReduceOps.java:913) ~[?:?]
	at java.util.stream.AbstractPipeline.evaluate(AbstractPipeline.java:234) ~[?:?]
	at java.util.stream.ReferencePipeline.collect(ReferencePipeline.java:578) ~[?:?]
	at io.cucumber.core.runtime.Runtime.runFeatures(Runtime.java:90) ~[cucumber-core-7.20.1.jar:7.20.1]
	at io.cucumber.core.runtime.Runtime.lambda$run$0(Runtime.java:78) ~[cucumber-core-7.20.1.jar:7.20.1]
	at io.cucumber.core.runtime.CucumberExecutionContext.lambda$runFeatures$6(CucumberExecutionContext.java:147) ~[cucumber-core-7.20.1.jar:7.20.1]
	at io.cucumber.core.runtime.CucumberExecutionContext.execute(CucumberExecutionContext.java:162) [cucumber-core-7.20.1.jar:7.20.1]
	at io.cucumber.core.runtime.CucumberExecutionContext.runFeatures(CucumberExecutionContext.java:145) [cucumber-core-7.20.1.jar:7.20.1]
	at io.cucumber.core.runtime.Runtime.run(Runtime.java:78) [cucumber-core-7.20.1.jar:7.20.1]
	at io.cucumber.core.cli.Main.run(Main.java:87) [cucumber-core-7.20.1.jar:7.20.1]
	at io.cucumber.core.cli.Main.main(Main.java:30) [cucumber-core-7.20.1.jar:7.20.1]
2025-01-11 22:04:18 [main] INFO  hook.Hooks - Test başlıyor. URL açılıyor...
2025-01-11 22:04:18 [main] ERROR hook.Hooks - Test öncesi adımlarda hata oluştu: 
org.openqa.selenium.NoSuchWindowException: no such window: target window already closed
from unknown error: web view not found
  (Session info: chrome=131.0.6778.265)
Build info: version: '4.27.0', revision: 'd6e718d134'
System info: os.name: 'Windows 10', os.arch: 'amd64', os.version: '10.0', java.version: '11.0.23'
Driver info: org.openqa.selenium.chrome.ChromeDriver
Command: [9042000b9f95cfd419ce988f26a8b4e3, get {url=https://catchylabs-webclient.testinium.com/}]
Capabilities {acceptInsecureCerts: false, browserName: chrome, browserVersion: 131.0.6778.265, chrome: {chromedriverVersion: 131.0.6778.264 (2d05e315153..., userDataDir: C:\Users\Cem\AppData\Local\...}, fedcm:accounts: true, goog:chromeOptions: {debuggerAddress: localhost:59630}, networkConnectionEnabled: false, pageLoadStrategy: normal, platformName: windows, proxy: Proxy(), se:cdp: ws://localhost:59630/devtoo..., se:cdpVersion: 131.0.6778.265, setWindowRect: true, strictFileInteractability: false, timeouts: {implicit: 0, pageLoad: 300000, script: 30000}, unhandledPromptBehavior: dismiss and notify, webauthn:extension:credBlob: true, webauthn:extension:largeBlob: true, webauthn:extension:minPinLength: true, webauthn:extension:prf: true, webauthn:virtualAuthenticators: true}
Session ID: 9042000b9f95cfd419ce988f26a8b4e3
	at jdk.internal.reflect.NativeConstructorAccessorImpl.newInstance0(Native Method) ~[?:?]
	at jdk.internal.reflect.NativeConstructorAccessorImpl.newInstance(NativeConstructorAccessorImpl.java:62) ~[?:?]
	at jdk.internal.reflect.DelegatingConstructorAccessorImpl.newInstance(DelegatingConstructorAccessorImpl.java:45) ~[?:?]
	at java.lang.reflect.Constructor.newInstance(Constructor.java:490) ~[?:?]
	at org.openqa.selenium.remote.ErrorCodec.decode(ErrorCodec.java:167) ~[selenium-remote-driver-4.27.0.jar:?]
	at org.openqa.selenium.remote.codec.w3c.W3CHttpResponseCodec.decode(W3CHttpResponseCodec.java:138) ~[selenium-remote-driver-4.27.0.jar:?]
	at org.openqa.selenium.remote.codec.w3c.W3CHttpResponseCodec.decode(W3CHttpResponseCodec.java:50) ~[selenium-remote-driver-4.27.0.jar:?]
	at org.openqa.selenium.remote.HttpCommandExecutor.execute(HttpCommandExecutor.java:190) ~[selenium-remote-driver-4.27.0.jar:?]
	at org.openqa.selenium.remote.service.DriverCommandExecutor.invokeExecute(DriverCommandExecutor.java:216) ~[selenium-remote-driver-4.27.0.jar:?]
	at org.openqa.selenium.remote.service.DriverCommandExecutor.execute(DriverCommandExecutor.java:174) ~[selenium-remote-driver-4.27.0.jar:?]
	at org.openqa.selenium.remote.RemoteWebDriver.execute(RemoteWebDriver.java:545) ~[selenium-remote-driver-4.27.0.jar:?]
	at org.openqa.selenium.remote.RemoteWebDriver.get(RemoteWebDriver.java:313) ~[selenium-remote-driver-4.27.0.jar:?]
	at hook.Hooks.setUp(Hooks.java:23) ~[test-classes/:?]
	at jdk.internal.reflect.NativeMethodAccessorImpl.invoke0(Native Method) ~[?:?]
	at jdk.internal.reflect.NativeMethodAccessorImpl.invoke(NativeMethodAccessorImpl.java:62) ~[?:?]
	at jdk.internal.reflect.DelegatingMethodAccessorImpl.invoke(DelegatingMethodAccessorImpl.java:43) ~[?:?]
	at java.lang.reflect.Method.invoke(Method.java:566) ~[?:?]
	at io.cucumber.java.Invoker.doInvoke(Invoker.java:66) ~[cucumber-java-7.20.1.jar:7.20.1]
	at io.cucumber.java.Invoker.invoke(Invoker.java:24) ~[cucumber-java-7.20.1.jar:7.20.1]
	at io.cucumber.java.AbstractGlueDefinition.invokeMethod(AbstractGlueDefinition.java:47) ~[cucumber-java-7.20.1.jar:7.20.1]
	at io.cucumber.java.JavaHookDefinition.execute(JavaHookDefinition.java:64) ~[cucumber-java-7.20.1.jar:7.20.1]
	at io.cucumber.core.runner.CoreHookDefinition.execute(CoreHookDefinition.java:47) ~[cucumber-core-7.20.1.jar:7.20.1]
	at io.cucumber.core.runner.HookDefinitionMatch.runStep(HookDefinitionMatch.java:21) ~[cucumber-core-7.20.1.jar:7.20.1]
	at io.cucumber.core.runner.ExecutionMode$1.execute(ExecutionMode.java:10) ~[cucumber-core-7.20.1.jar:7.20.1]
	at io.cucumber.core.runner.TestStep.executeStep(TestStep.java:81) ~[cucumber-core-7.20.1.jar:7.20.1]
	at io.cucumber.core.runner.TestStep.run(TestStep.java:53) ~[cucumber-core-7.20.1.jar:7.20.1]
	at io.cucumber.core.runner.TestCase.run(TestCase.java:78) ~[cucumber-core-7.20.1.jar:7.20.1]
	at io.cucumber.core.runner.Runner.runPickle(Runner.java:75) ~[cucumber-core-7.20.1.jar:7.20.1]
	at io.cucumber.core.runtime.Runtime.lambda$executePickle$6(Runtime.java:107) ~[cucumber-core-7.20.1.jar:7.20.1]
	at io.cucumber.core.runtime.CucumberExecutionContext.lambda$runTestCase$5(CucumberExecutionContext.java:136) ~[cucumber-core-7.20.1.jar:7.20.1]
	at io.cucumber.core.runtime.RethrowingThrowableCollector.executeAndThrow(RethrowingThrowableCollector.java:23) ~[cucumber-core-7.20.1.jar:7.20.1]
	at io.cucumber.core.runtime.CucumberExecutionContext.runTestCase(CucumberExecutionContext.java:136) ~[cucumber-core-7.20.1.jar:7.20.1]
	at io.cucumber.core.runtime.Runtime.lambda$executePickle$7(Runtime.java:107) ~[cucumber-core-7.20.1.jar:7.20.1]
	at java.util.concurrent.Executors$RunnableAdapter.call(Executors.java:515) ~[?:?]
	at java.util.concurrent.FutureTask.run(FutureTask.java:264) ~[?:?]
	at io.cucumber.core.runtime.Runtime$SameThreadExecutorService.execute(Runtime.java:235) ~[cucumber-core-7.20.1.jar:7.20.1]
	at java.util.concurrent.AbstractExecutorService.submit(AbstractExecutorService.java:118) ~[?:?]
	at io.cucumber.core.runtime.Runtime.lambda$runFeatures$3(Runtime.java:89) ~[cucumber-core-7.20.1.jar:7.20.1]
	at java.util.stream.ReferencePipeline$3$1.accept(ReferencePipeline.java:195) ~[?:?]
	at java.util.stream.SliceOps$1$1.accept(SliceOps.java:199) ~[?:?]
	at java.util.ArrayList$ArrayListSpliterator.tryAdvance(ArrayList.java:1632) ~[?:?]
	at java.util.stream.ReferencePipeline.forEachWithCancel(ReferencePipeline.java:127) ~[?:?]
	at java.util.stream.AbstractPipeline.copyIntoWithCancel(AbstractPipeline.java:502) ~[?:?]
	at java.util.stream.AbstractPipeline.copyInto(AbstractPipeline.java:488) ~[?:?]
	at java.util.stream.AbstractPipeline.wrapAndCopyInto(AbstractPipeline.java:474) ~[?:?]
	at java.util.stream.ReduceOps$ReduceOp.evaluateSequential(ReduceOps.java:913) ~[?:?]
	at java.util.stream.AbstractPipeline.evaluate(AbstractPipeline.java:234) ~[?:?]
	at java.util.stream.ReferencePipeline.collect(ReferencePipeline.java:578) ~[?:?]
	at io.cucumber.core.runtime.Runtime.runFeatures(Runtime.java:90) ~[cucumber-core-7.20.1.jar:7.20.1]
	at io.cucumber.core.runtime.Runtime.lambda$run$0(Runtime.java:78) ~[cucumber-core-7.20.1.jar:7.20.1]
	at io.cucumber.core.runtime.CucumberExecutionContext.lambda$runFeatures$6(CucumberExecutionContext.java:147) ~[cucumber-core-7.20.1.jar:7.20.1]
	at io.cucumber.core.runtime.CucumberExecutionContext.execute(CucumberExecutionContext.java:162) [cucumber-core-7.20.1.jar:7.20.1]
	at io.cucumber.core.runtime.CucumberExecutionContext.runFeatures(CucumberExecutionContext.java:145) [cucumber-core-7.20.1.jar:7.20.1]
	at io.cucumber.core.runtime.Runtime.run(Runtime.java:78) [cucumber-core-7.20.1.jar:7.20.1]
	at io.cucumber.core.cli.Main.run(Main.java:87) [cucumber-core-7.20.1.jar:7.20.1]
	at io.cucumber.core.cli.Main.main(Main.java:30) [cucumber-core-7.20.1.jar:7.20.1]
2025-01-11 22:04:18 [main] INFO  hook.Hooks - Test başlıyor. URL açılıyor...
2025-01-11 22:04:18 [main] ERROR hook.Hooks - Test öncesi adımlarda hata oluştu: 
org.openqa.selenium.NoSuchWindowException: no such window: target window already closed
from unknown error: web view not found
  (Session info: chrome=131.0.6778.265)
Build info: version: '4.27.0', revision: 'd6e718d134'
System info: os.name: 'Windows 10', os.arch: 'amd64', os.version: '10.0', java.version: '11.0.23'
Driver info: org.openqa.selenium.chrome.ChromeDriver
Command: [9042000b9f95cfd419ce988f26a8b4e3, get {url=https://catchylabs-webclient.testinium.com/}]
Capabilities {acceptInsecureCerts: false, browserName: chrome, browserVersion: 131.0.6778.265, chrome: {chromedriverVersion: 131.0.6778.264 (2d05e315153..., userDataDir: C:\Users\Cem\AppData\Local\...}, fedcm:accounts: true, goog:chromeOptions: {debuggerAddress: localhost:59630}, networkConnectionEnabled: false, pageLoadStrategy: normal, platformName: windows, proxy: Proxy(), se:cdp: ws://localhost:59630/devtoo..., se:cdpVersion: 131.0.6778.265, setWindowRect: true, strictFileInteractability: false, timeouts: {implicit: 0, pageLoad: 300000, script: 30000}, unhandledPromptBehavior: dismiss and notify, webauthn:extension:credBlob: true, webauthn:extension:largeBlob: true, webauthn:extension:minPinLength: true, webauthn:extension:prf: true, webauthn:virtualAuthenticators: true}
Session ID: 9042000b9f95cfd419ce988f26a8b4e3
	at jdk.internal.reflect.NativeConstructorAccessorImpl.newInstance0(Native Method) ~[?:?]
	at jdk.internal.reflect.NativeConstructorAccessorImpl.newInstance(NativeConstructorAccessorImpl.java:62) ~[?:?]
	at jdk.internal.reflect.DelegatingConstructorAccessorImpl.newInstance(DelegatingConstructorAccessorImpl.java:45) ~[?:?]
	at java.lang.reflect.Constructor.newInstance(Constructor.java:490) ~[?:?]
	at org.openqa.selenium.remote.ErrorCodec.decode(ErrorCodec.java:167) ~[selenium-remote-driver-4.27.0.jar:?]
	at org.openqa.selenium.remote.codec.w3c.W3CHttpResponseCodec.decode(W3CHttpResponseCodec.java:138) ~[selenium-remote-driver-4.27.0.jar:?]
	at org.openqa.selenium.remote.codec.w3c.W3CHttpResponseCodec.decode(W3CHttpResponseCodec.java:50) ~[selenium-remote-driver-4.27.0.jar:?]
	at org.openqa.selenium.remote.HttpCommandExecutor.execute(HttpCommandExecutor.java:190) ~[selenium-remote-driver-4.27.0.jar:?]
	at org.openqa.selenium.remote.service.DriverCommandExecutor.invokeExecute(DriverCommandExecutor.java:216) ~[selenium-remote-driver-4.27.0.jar:?]
	at org.openqa.selenium.remote.service.DriverCommandExecutor.execute(DriverCommandExecutor.java:174) ~[selenium-remote-driver-4.27.0.jar:?]
	at org.openqa.selenium.remote.RemoteWebDriver.execute(RemoteWebDriver.java:545) ~[selenium-remote-driver-4.27.0.jar:?]
	at org.openqa.selenium.remote.RemoteWebDriver.get(RemoteWebDriver.java:313) ~[selenium-remote-driver-4.27.0.jar:?]
	at hook.Hooks.setUp(Hooks.java:23) ~[test-classes/:?]
	at jdk.internal.reflect.NativeMethodAccessorImpl.invoke0(Native Method) ~[?:?]
	at jdk.internal.reflect.NativeMethodAccessorImpl.invoke(NativeMethodAccessorImpl.java:62) ~[?:?]
	at jdk.internal.reflect.DelegatingMethodAccessorImpl.invoke(DelegatingMethodAccessorImpl.java:43) ~[?:?]
	at java.lang.reflect.Method.invoke(Method.java:566) ~[?:?]
	at io.cucumber.java.Invoker.doInvoke(Invoker.java:66) ~[cucumber-java-7.20.1.jar:7.20.1]
	at io.cucumber.java.Invoker.invoke(Invoker.java:24) ~[cucumber-java-7.20.1.jar:7.20.1]
	at io.cucumber.java.AbstractGlueDefinition.invokeMethod(AbstractGlueDefinition.java:47) ~[cucumber-java-7.20.1.jar:7.20.1]
	at io.cucumber.java.JavaHookDefinition.execute(JavaHookDefinition.java:64) ~[cucumber-java-7.20.1.jar:7.20.1]
	at io.cucumber.core.runner.CoreHookDefinition.execute(CoreHookDefinition.java:47) ~[cucumber-core-7.20.1.jar:7.20.1]
	at io.cucumber.core.runner.HookDefinitionMatch.runStep(HookDefinitionMatch.java:21) ~[cucumber-core-7.20.1.jar:7.20.1]
	at io.cucumber.core.runner.ExecutionMode$1.execute(ExecutionMode.java:10) ~[cucumber-core-7.20.1.jar:7.20.1]
	at io.cucumber.core.runner.TestStep.executeStep(TestStep.java:81) ~[cucumber-core-7.20.1.jar:7.20.1]
	at io.cucumber.core.runner.TestStep.run(TestStep.java:53) ~[cucumber-core-7.20.1.jar:7.20.1]
	at io.cucumber.core.runner.TestCase.run(TestCase.java:78) ~[cucumber-core-7.20.1.jar:7.20.1]
	at io.cucumber.core.runner.Runner.runPickle(Runner.java:75) ~[cucumber-core-7.20.1.jar:7.20.1]
	at io.cucumber.core.runtime.Runtime.lambda$executePickle$6(Runtime.java:107) ~[cucumber-core-7.20.1.jar:7.20.1]
	at io.cucumber.core.runtime.CucumberExecutionContext.lambda$runTestCase$5(CucumberExecutionContext.java:136) ~[cucumber-core-7.20.1.jar:7.20.1]
	at io.cucumber.core.runtime.RethrowingThrowableCollector.executeAndThrow(RethrowingThrowableCollector.java:23) ~[cucumber-core-7.20.1.jar:7.20.1]
	at io.cucumber.core.runtime.CucumberExecutionContext.runTestCase(CucumberExecutionContext.java:136) ~[cucumber-core-7.20.1.jar:7.20.1]
	at io.cucumber.core.runtime.Runtime.lambda$executePickle$7(Runtime.java:107) ~[cucumber-core-7.20.1.jar:7.20.1]
	at java.util.concurrent.Executors$RunnableAdapter.call(Executors.java:515) ~[?:?]
	at java.util.concurrent.FutureTask.run(FutureTask.java:264) ~[?:?]
	at io.cucumber.core.runtime.Runtime$SameThreadExecutorService.execute(Runtime.java:235) ~[cucumber-core-7.20.1.jar:7.20.1]
	at java.util.concurrent.AbstractExecutorService.submit(AbstractExecutorService.java:118) ~[?:?]
	at io.cucumber.core.runtime.Runtime.lambda$runFeatures$3(Runtime.java:89) ~[cucumber-core-7.20.1.jar:7.20.1]
	at java.util.stream.ReferencePipeline$3$1.accept(ReferencePipeline.java:195) ~[?:?]
	at java.util.stream.SliceOps$1$1.accept(SliceOps.java:199) ~[?:?]
	at java.util.ArrayList$ArrayListSpliterator.tryAdvance(ArrayList.java:1632) ~[?:?]
	at java.util.stream.ReferencePipeline.forEachWithCancel(ReferencePipeline.java:127) ~[?:?]
	at java.util.stream.AbstractPipeline.copyIntoWithCancel(AbstractPipeline.java:502) ~[?:?]
	at java.util.stream.AbstractPipeline.copyInto(AbstractPipeline.java:488) ~[?:?]
	at java.util.stream.AbstractPipeline.wrapAndCopyInto(AbstractPipeline.java:474) ~[?:?]
	at java.util.stream.ReduceOps$ReduceOp.evaluateSequential(ReduceOps.java:913) ~[?:?]
	at java.util.stream.AbstractPipeline.evaluate(AbstractPipeline.java:234) ~[?:?]
	at java.util.stream.ReferencePipeline.collect(ReferencePipeline.java:578) ~[?:?]
	at io.cucumber.core.runtime.Runtime.runFeatures(Runtime.java:90) ~[cucumber-core-7.20.1.jar:7.20.1]
	at io.cucumber.core.runtime.Runtime.lambda$run$0(Runtime.java:78) ~[cucumber-core-7.20.1.jar:7.20.1]
	at io.cucumber.core.runtime.CucumberExecutionContext.lambda$runFeatures$6(CucumberExecutionContext.java:147) ~[cucumber-core-7.20.1.jar:7.20.1]
	at io.cucumber.core.runtime.CucumberExecutionContext.execute(CucumberExecutionContext.java:162) [cucumber-core-7.20.1.jar:7.20.1]
	at io.cucumber.core.runtime.CucumberExecutionContext.runFeatures(CucumberExecutionContext.java:145) [cucumber-core-7.20.1.jar:7.20.1]
	at io.cucumber.core.runtime.Runtime.run(Runtime.java:78) [cucumber-core-7.20.1.jar:7.20.1]
	at io.cucumber.core.cli.Main.run(Main.java:87) [cucumber-core-7.20.1.jar:7.20.1]
	at io.cucumber.core.cli.Main.main(Main.java:30) [cucumber-core-7.20.1.jar:7.20.1]
2025-01-11 22:04:18 [main] INFO  hook.Hooks - Test başlıyor. URL açılıyor...
2025-01-11 22:04:18 [main] ERROR hook.Hooks - Test öncesi adımlarda hata oluştu: 
org.openqa.selenium.NoSuchWindowException: no such window: target window already closed
from unknown error: web view not found
  (Session info: chrome=131.0.6778.265)
Build info: version: '4.27.0', revision: 'd6e718d134'
System info: os.name: 'Windows 10', os.arch: 'amd64', os.version: '10.0', java.version: '11.0.23'
Driver info: org.openqa.selenium.chrome.ChromeDriver
Command: [9042000b9f95cfd419ce988f26a8b4e3, get {url=https://catchylabs-webclient.testinium.com/}]
Capabilities {acceptInsecureCerts: false, browserName: chrome, browserVersion: 131.0.6778.265, chrome: {chromedriverVersion: 131.0.6778.264 (2d05e315153..., userDataDir: C:\Users\Cem\AppData\Local\...}, fedcm:accounts: true, goog:chromeOptions: {debuggerAddress: localhost:59630}, networkConnectionEnabled: false, pageLoadStrategy: normal, platformName: windows, proxy: Proxy(), se:cdp: ws://localhost:59630/devtoo..., se:cdpVersion: 131.0.6778.265, setWindowRect: true, strictFileInteractability: false, timeouts: {implicit: 0, pageLoad: 300000, script: 30000}, unhandledPromptBehavior: dismiss and notify, webauthn:extension:credBlob: true, webauthn:extension:largeBlob: true, webauthn:extension:minPinLength: true, webauthn:extension:prf: true, webauthn:virtualAuthenticators: true}
Session ID: 9042000b9f95cfd419ce988f26a8b4e3
	at jdk.internal.reflect.NativeConstructorAccessorImpl.newInstance0(Native Method) ~[?:?]
	at jdk.internal.reflect.NativeConstructorAccessorImpl.newInstance(NativeConstructorAccessorImpl.java:62) ~[?:?]
	at jdk.internal.reflect.DelegatingConstructorAccessorImpl.newInstance(DelegatingConstructorAccessorImpl.java:45) ~[?:?]
	at java.lang.reflect.Constructor.newInstance(Constructor.java:490) ~[?:?]
	at org.openqa.selenium.remote.ErrorCodec.decode(ErrorCodec.java:167) ~[selenium-remote-driver-4.27.0.jar:?]
	at org.openqa.selenium.remote.codec.w3c.W3CHttpResponseCodec.decode(W3CHttpResponseCodec.java:138) ~[selenium-remote-driver-4.27.0.jar:?]
	at org.openqa.selenium.remote.codec.w3c.W3CHttpResponseCodec.decode(W3CHttpResponseCodec.java:50) ~[selenium-remote-driver-4.27.0.jar:?]
	at org.openqa.selenium.remote.HttpCommandExecutor.execute(HttpCommandExecutor.java:190) ~[selenium-remote-driver-4.27.0.jar:?]
	at org.openqa.selenium.remote.service.DriverCommandExecutor.invokeExecute(DriverCommandExecutor.java:216) ~[selenium-remote-driver-4.27.0.jar:?]
	at org.openqa.selenium.remote.service.DriverCommandExecutor.execute(DriverCommandExecutor.java:174) ~[selenium-remote-driver-4.27.0.jar:?]
	at org.openqa.selenium.remote.RemoteWebDriver.execute(RemoteWebDriver.java:545) ~[selenium-remote-driver-4.27.0.jar:?]
	at org.openqa.selenium.remote.RemoteWebDriver.get(RemoteWebDriver.java:313) ~[selenium-remote-driver-4.27.0.jar:?]
	at hook.Hooks.setUp(Hooks.java:23) ~[test-classes/:?]
	at jdk.internal.reflect.NativeMethodAccessorImpl.invoke0(Native Method) ~[?:?]
	at jdk.internal.reflect.NativeMethodAccessorImpl.invoke(NativeMethodAccessorImpl.java:62) ~[?:?]
	at jdk.internal.reflect.DelegatingMethodAccessorImpl.invoke(DelegatingMethodAccessorImpl.java:43) ~[?:?]
	at java.lang.reflect.Method.invoke(Method.java:566) ~[?:?]
	at io.cucumber.java.Invoker.doInvoke(Invoker.java:66) ~[cucumber-java-7.20.1.jar:7.20.1]
	at io.cucumber.java.Invoker.invoke(Invoker.java:24) ~[cucumber-java-7.20.1.jar:7.20.1]
	at io.cucumber.java.AbstractGlueDefinition.invokeMethod(AbstractGlueDefinition.java:47) ~[cucumber-java-7.20.1.jar:7.20.1]
	at io.cucumber.java.JavaHookDefinition.execute(JavaHookDefinition.java:64) ~[cucumber-java-7.20.1.jar:7.20.1]
	at io.cucumber.core.runner.CoreHookDefinition.execute(CoreHookDefinition.java:47) ~[cucumber-core-7.20.1.jar:7.20.1]
	at io.cucumber.core.runner.HookDefinitionMatch.runStep(HookDefinitionMatch.java:21) ~[cucumber-core-7.20.1.jar:7.20.1]
	at io.cucumber.core.runner.ExecutionMode$1.execute(ExecutionMode.java:10) ~[cucumber-core-7.20.1.jar:7.20.1]
	at io.cucumber.core.runner.TestStep.executeStep(TestStep.java:81) ~[cucumber-core-7.20.1.jar:7.20.1]
	at io.cucumber.core.runner.TestStep.run(TestStep.java:53) ~[cucumber-core-7.20.1.jar:7.20.1]
	at io.cucumber.core.runner.TestCase.run(TestCase.java:78) ~[cucumber-core-7.20.1.jar:7.20.1]
	at io.cucumber.core.runner.Runner.runPickle(Runner.java:75) ~[cucumber-core-7.20.1.jar:7.20.1]
	at io.cucumber.core.runtime.Runtime.lambda$executePickle$6(Runtime.java:107) ~[cucumber-core-7.20.1.jar:7.20.1]
	at io.cucumber.core.runtime.CucumberExecutionContext.lambda$runTestCase$5(CucumberExecutionContext.java:136) ~[cucumber-core-7.20.1.jar:7.20.1]
	at io.cucumber.core.runtime.RethrowingThrowableCollector.executeAndThrow(RethrowingThrowableCollector.java:23) ~[cucumber-core-7.20.1.jar:7.20.1]
	at io.cucumber.core.runtime.CucumberExecutionContext.runTestCase(CucumberExecutionContext.java:136) ~[cucumber-core-7.20.1.jar:7.20.1]
	at io.cucumber.core.runtime.Runtime.lambda$executePickle$7(Runtime.java:107) ~[cucumber-core-7.20.1.jar:7.20.1]
	at java.util.concurrent.Executors$RunnableAdapter.call(Executors.java:515) ~[?:?]
	at java.util.concurrent.FutureTask.run(FutureTask.java:264) ~[?:?]
	at io.cucumber.core.runtime.Runtime$SameThreadExecutorService.execute(Runtime.java:235) ~[cucumber-core-7.20.1.jar:7.20.1]
	at java.util.concurrent.AbstractExecutorService.submit(AbstractExecutorService.java:118) ~[?:?]
	at io.cucumber.core.runtime.Runtime.lambda$runFeatures$3(Runtime.java:89) ~[cucumber-core-7.20.1.jar:7.20.1]
	at java.util.stream.ReferencePipeline$3$1.accept(ReferencePipeline.java:195) ~[?:?]
	at java.util.stream.SliceOps$1$1.accept(SliceOps.java:199) ~[?:?]
	at java.util.ArrayList$ArrayListSpliterator.tryAdvance(ArrayList.java:1632) ~[?:?]
	at java.util.stream.ReferencePipeline.forEachWithCancel(ReferencePipeline.java:127) ~[?:?]
	at java.util.stream.AbstractPipeline.copyIntoWithCancel(AbstractPipeline.java:502) ~[?:?]
	at java.util.stream.AbstractPipeline.copyInto(AbstractPipeline.java:488) ~[?:?]
	at java.util.stream.AbstractPipeline.wrapAndCopyInto(AbstractPipeline.java:474) ~[?:?]
	at java.util.stream.ReduceOps$ReduceOp.evaluateSequential(ReduceOps.java:913) ~[?:?]
	at java.util.stream.AbstractPipeline.evaluate(AbstractPipeline.java:234) ~[?:?]
	at java.util.stream.ReferencePipeline.collect(ReferencePipeline.java:578) ~[?:?]
	at io.cucumber.core.runtime.Runtime.runFeatures(Runtime.java:90) ~[cucumber-core-7.20.1.jar:7.20.1]
	at io.cucumber.core.runtime.Runtime.lambda$run$0(Runtime.java:78) ~[cucumber-core-7.20.1.jar:7.20.1]
	at io.cucumber.core.runtime.CucumberExecutionContext.lambda$runFeatures$6(CucumberExecutionContext.java:147) ~[cucumber-core-7.20.1.jar:7.20.1]
	at io.cucumber.core.runtime.CucumberExecutionContext.execute(CucumberExecutionContext.java:162) [cucumber-core-7.20.1.jar:7.20.1]
	at io.cucumber.core.runtime.CucumberExecutionContext.runFeatures(CucumberExecutionContext.java:145) [cucumber-core-7.20.1.jar:7.20.1]
	at io.cucumber.core.runtime.Runtime.run(Runtime.java:78) [cucumber-core-7.20.1.jar:7.20.1]
	at io.cucumber.core.cli.Main.run(Main.java:87) [cucumber-core-7.20.1.jar:7.20.1]
	at io.cucumber.core.cli.Main.main(Main.java:30) [cucumber-core-7.20.1.jar:7.20.1]
2025-01-11 22:04:18 [main] INFO  hook.Hooks - Test başlıyor. URL açılıyor...
2025-01-11 22:04:18 [main] ERROR hook.Hooks - Test öncesi adımlarda hata oluştu: 
org.openqa.selenium.NoSuchWindowException: no such window: target window already closed
from unknown error: web view not found
  (Session info: chrome=131.0.6778.265)
Build info: version: '4.27.0', revision: 'd6e718d134'
System info: os.name: 'Windows 10', os.arch: 'amd64', os.version: '10.0', java.version: '11.0.23'
Driver info: org.openqa.selenium.chrome.ChromeDriver
Command: [9042000b9f95cfd419ce988f26a8b4e3, get {url=https://catchylabs-webclient.testinium.com/}]
Capabilities {acceptInsecureCerts: false, browserName: chrome, browserVersion: 131.0.6778.265, chrome: {chromedriverVersion: 131.0.6778.264 (2d05e315153..., userDataDir: C:\Users\Cem\AppData\Local\...}, fedcm:accounts: true, goog:chromeOptions: {debuggerAddress: localhost:59630}, networkConnectionEnabled: false, pageLoadStrategy: normal, platformName: windows, proxy: Proxy(), se:cdp: ws://localhost:59630/devtoo..., se:cdpVersion: 131.0.6778.265, setWindowRect: true, strictFileInteractability: false, timeouts: {implicit: 0, pageLoad: 300000, script: 30000}, unhandledPromptBehavior: dismiss and notify, webauthn:extension:credBlob: true, webauthn:extension:largeBlob: true, webauthn:extension:minPinLength: true, webauthn:extension:prf: true, webauthn:virtualAuthenticators: true}
Session ID: 9042000b9f95cfd419ce988f26a8b4e3
	at jdk.internal.reflect.NativeConstructorAccessorImpl.newInstance0(Native Method) ~[?:?]
	at jdk.internal.reflect.NativeConstructorAccessorImpl.newInstance(NativeConstructorAccessorImpl.java:62) ~[?:?]
	at jdk.internal.reflect.DelegatingConstructorAccessorImpl.newInstance(DelegatingConstructorAccessorImpl.java:45) ~[?:?]
	at java.lang.reflect.Constructor.newInstance(Constructor.java:490) ~[?:?]
	at org.openqa.selenium.remote.ErrorCodec.decode(ErrorCodec.java:167) ~[selenium-remote-driver-4.27.0.jar:?]
	at org.openqa.selenium.remote.codec.w3c.W3CHttpResponseCodec.decode(W3CHttpResponseCodec.java:138) ~[selenium-remote-driver-4.27.0.jar:?]
	at org.openqa.selenium.remote.codec.w3c.W3CHttpResponseCodec.decode(W3CHttpResponseCodec.java:50) ~[selenium-remote-driver-4.27.0.jar:?]
	at org.openqa.selenium.remote.HttpCommandExecutor.execute(HttpCommandExecutor.java:190) ~[selenium-remote-driver-4.27.0.jar:?]
	at org.openqa.selenium.remote.service.DriverCommandExecutor.invokeExecute(DriverCommandExecutor.java:216) ~[selenium-remote-driver-4.27.0.jar:?]
	at org.openqa.selenium.remote.service.DriverCommandExecutor.execute(DriverCommandExecutor.java:174) ~[selenium-remote-driver-4.27.0.jar:?]
	at org.openqa.selenium.remote.RemoteWebDriver.execute(RemoteWebDriver.java:545) ~[selenium-remote-driver-4.27.0.jar:?]
	at org.openqa.selenium.remote.RemoteWebDriver.get(RemoteWebDriver.java:313) ~[selenium-remote-driver-4.27.0.jar:?]
	at hook.Hooks.setUp(Hooks.java:23) ~[test-classes/:?]
	at jdk.internal.reflect.NativeMethodAccessorImpl.invoke0(Native Method) ~[?:?]
	at jdk.internal.reflect.NativeMethodAccessorImpl.invoke(NativeMethodAccessorImpl.java:62) ~[?:?]
	at jdk.internal.reflect.DelegatingMethodAccessorImpl.invoke(DelegatingMethodAccessorImpl.java:43) ~[?:?]
	at java.lang.reflect.Method.invoke(Method.java:566) ~[?:?]
	at io.cucumber.java.Invoker.doInvoke(Invoker.java:66) ~[cucumber-java-7.20.1.jar:7.20.1]
	at io.cucumber.java.Invoker.invoke(Invoker.java:24) ~[cucumber-java-7.20.1.jar:7.20.1]
	at io.cucumber.java.AbstractGlueDefinition.invokeMethod(AbstractGlueDefinition.java:47) ~[cucumber-java-7.20.1.jar:7.20.1]
	at io.cucumber.java.JavaHookDefinition.execute(JavaHookDefinition.java:64) ~[cucumber-java-7.20.1.jar:7.20.1]
	at io.cucumber.core.runner.CoreHookDefinition.execute(CoreHookDefinition.java:47) ~[cucumber-core-7.20.1.jar:7.20.1]
	at io.cucumber.core.runner.HookDefinitionMatch.runStep(HookDefinitionMatch.java:21) ~[cucumber-core-7.20.1.jar:7.20.1]
	at io.cucumber.core.runner.ExecutionMode$1.execute(ExecutionMode.java:10) ~[cucumber-core-7.20.1.jar:7.20.1]
	at io.cucumber.core.runner.TestStep.executeStep(TestStep.java:81) ~[cucumber-core-7.20.1.jar:7.20.1]
	at io.cucumber.core.runner.TestStep.run(TestStep.java:53) ~[cucumber-core-7.20.1.jar:7.20.1]
	at io.cucumber.core.runner.TestCase.run(TestCase.java:78) ~[cucumber-core-7.20.1.jar:7.20.1]
	at io.cucumber.core.runner.Runner.runPickle(Runner.java:75) ~[cucumber-core-7.20.1.jar:7.20.1]
	at io.cucumber.core.runtime.Runtime.lambda$executePickle$6(Runtime.java:107) ~[cucumber-core-7.20.1.jar:7.20.1]
	at io.cucumber.core.runtime.CucumberExecutionContext.lambda$runTestCase$5(CucumberExecutionContext.java:136) ~[cucumber-core-7.20.1.jar:7.20.1]
	at io.cucumber.core.runtime.RethrowingThrowableCollector.executeAndThrow(RethrowingThrowableCollector.java:23) ~[cucumber-core-7.20.1.jar:7.20.1]
	at io.cucumber.core.runtime.CucumberExecutionContext.runTestCase(CucumberExecutionContext.java:136) ~[cucumber-core-7.20.1.jar:7.20.1]
	at io.cucumber.core.runtime.Runtime.lambda$executePickle$7(Runtime.java:107) ~[cucumber-core-7.20.1.jar:7.20.1]
	at java.util.concurrent.Executors$RunnableAdapter.call(Executors.java:515) ~[?:?]
	at java.util.concurrent.FutureTask.run(FutureTask.java:264) ~[?:?]
	at io.cucumber.core.runtime.Runtime$SameThreadExecutorService.execute(Runtime.java:235) ~[cucumber-core-7.20.1.jar:7.20.1]
	at java.util.concurrent.AbstractExecutorService.submit(AbstractExecutorService.java:118) ~[?:?]
	at io.cucumber.core.runtime.Runtime.lambda$runFeatures$3(Runtime.java:89) ~[cucumber-core-7.20.1.jar:7.20.1]
	at java.util.stream.ReferencePipeline$3$1.accept(ReferencePipeline.java:195) ~[?:?]
	at java.util.stream.SliceOps$1$1.accept(SliceOps.java:199) ~[?:?]
	at java.util.ArrayList$ArrayListSpliterator.tryAdvance(ArrayList.java:1632) ~[?:?]
	at java.util.stream.ReferencePipeline.forEachWithCancel(ReferencePipeline.java:127) ~[?:?]
	at java.util.stream.AbstractPipeline.copyIntoWithCancel(AbstractPipeline.java:502) ~[?:?]
	at java.util.stream.AbstractPipeline.copyInto(AbstractPipeline.java:488) ~[?:?]
	at java.util.stream.AbstractPipeline.wrapAndCopyInto(AbstractPipeline.java:474) ~[?:?]
	at java.util.stream.ReduceOps$ReduceOp.evaluateSequential(ReduceOps.java:913) ~[?:?]
	at java.util.stream.AbstractPipeline.evaluate(AbstractPipeline.java:234) ~[?:?]
	at java.util.stream.ReferencePipeline.collect(ReferencePipeline.java:578) ~[?:?]
	at io.cucumber.core.runtime.Runtime.runFeatures(Runtime.java:90) ~[cucumber-core-7.20.1.jar:7.20.1]
	at io.cucumber.core.runtime.Runtime.lambda$run$0(Runtime.java:78) ~[cucumber-core-7.20.1.jar:7.20.1]
	at io.cucumber.core.runtime.CucumberExecutionContext.lambda$runFeatures$6(CucumberExecutionContext.java:147) ~[cucumber-core-7.20.1.jar:7.20.1]
	at io.cucumber.core.runtime.CucumberExecutionContext.execute(CucumberExecutionContext.java:162) [cucumber-core-7.20.1.jar:7.20.1]
	at io.cucumber.core.runtime.CucumberExecutionContext.runFeatures(CucumberExecutionContext.java:145) [cucumber-core-7.20.1.jar:7.20.1]
	at io.cucumber.core.runtime.Runtime.run(Runtime.java:78) [cucumber-core-7.20.1.jar:7.20.1]
	at io.cucumber.core.cli.Main.run(Main.java:87) [cucumber-core-7.20.1.jar:7.20.1]
	at io.cucumber.core.cli.Main.main(Main.java:30) [cucumber-core-7.20.1.jar:7.20.1]
2025-01-11 22:05:35 [main] INFO  hook.Hooks - Test başlıyor. URL açılıyor...
2025-01-11 22:05:42 [main] INFO  hook.Hooks - Test başlıyor. URL açılıyor...
2025-01-11 22:05:48 [main] INFO  hook.Hooks - Test başlıyor. URL açılıyor...
2025-01-11 22:05:54 [main] INFO  hook.Hooks - Test başlıyor. URL açılıyor...
2025-01-11 22:06:01 [main] INFO  hook.Hooks - Test başlıyor. URL açılıyor...
2025-01-11 22:06:07 [main] INFO  hook.Hooks - Test başlıyor. URL açılıyor...
2025-01-11 22:06:13 [main] INFO  hook.Hooks - Test başlıyor. URL açılıyor...
2025-01-11 22:10:08 [main] INFO  hook.Hooks - Test başlıyor. URL açılıyor...
2025-01-11 22:10:14 [main] INFO  hook.Hooks - Test başlıyor. URL açılıyor...
2025-01-11 22:10:33 [main] INFO  hook.Hooks - Test başlıyor. URL açılıyor...
2025-01-11 22:10:39 [main] INFO  hook.Hooks - Test başlıyor. URL açılıyor...
2025-01-11 22:10:46 [main] INFO  hook.Hooks - Test başlıyor. URL açılıyor...
2025-01-11 22:10:52 [main] INFO  hook.Hooks - Test başlıyor. URL açılıyor...
2025-01-11 22:10:58 [main] INFO  hook.Hooks - Test başlıyor. URL açılıyor...
2025-01-11 22:33:20 [main] INFO  hook.Hooks - Test başlıyor. URL açılıyor...
2025-01-11 22:33:26 [main] INFO  hook.Hooks - Test başlıyor. URL açılıyor...
2025-01-11 22:33:32 [main] INFO  hook.Hooks - Test başlıyor. URL açılıyor...
2025-01-11 22:33:40 [main] INFO  hook.Hooks - Test başlıyor. URL açılıyor...
2025-01-11 22:33:46 [main] INFO  hook.Hooks - Test başlıyor. URL açılıyor...
2025-01-11 22:33:52 [main] INFO  hook.Hooks - Test başlıyor. URL açılıyor...
2025-01-11 22:33:59 [main] INFO  hook.Hooks - Test başlıyor. URL açılıyor...
2025-01-11 22:34:46 [main] INFO  hook.Hooks - Test başlıyor. URL açılıyor...
2025-01-11 22:34:53 [main] INFO  hook.Hooks - Test başlıyor. URL açılıyor...
2025-01-11 22:34:59 [main] INFO  hook.Hooks - Test başlıyor. URL açılıyor...
2025-01-11 22:35:06 [main] INFO  hook.Hooks - Test başlıyor. URL açılıyor...
2025-01-11 22:36:24 [main] INFO  hook.Hooks - Test başlıyor. URL açılıyor...
2025-01-11 22:36:30 [main] INFO  hook.Hooks - Test başlıyor. URL açılıyor...
2025-01-11 22:36:36 [main] INFO  hook.Hooks - Test başlıyor. URL açılıyor...
2025-01-11 22:36:56 [main] INFO  hook.Hooks - Test başlıyor. URL açılıyor...
2025-01-11 22:37:02 [main] INFO  hook.Hooks - Test başlıyor. URL açılıyor...
2025-01-11 22:37:08 [main] INFO  hook.Hooks - Test başlıyor. URL açılıyor...
2025-01-11 22:37:16 [main] INFO  hook.Hooks - Test başlıyor. URL açılıyor...
2025-01-11 22:38:15 [main] INFO  hook.Hooks - Test başlıyor. URL açılıyor...
2025-01-11 22:38:50 [main] INFO  hook.Hooks - Test başlıyor. URL açılıyor...
2025-01-11 22:38:56 [main] INFO  hook.Hooks - Test başlıyor. URL açılıyor...
2025-01-11 22:39:02 [main] INFO  hook.Hooks - Test başlıyor. URL açılıyor...
2025-01-11 22:39:09 [main] INFO  hook.Hooks - Test başlıyor. URL açılıyor...
2025-01-12 00:01:41 [main] INFO  hook.Hooks - Test başlıyor. URL açılıyor...
2025-01-12 00:04:39 [main] INFO  hook.Hooks - Test başlıyor. URL açılıyor...
2025-01-12 00:06:33 [main] INFO  hook.Hooks - Test başlıyor. URL açılıyor...
2025-01-12 00:07:16 [main] INFO  hook.Hooks - Test başlıyor. URL açılıyor...
2025-01-12 00:10:44 [main] INFO  hook.Hooks - Test başlıyor. URL açılıyor...
2025-01-12 00:15:09 [main] INFO  hook.Hooks - Test başlıyor. URL açılıyor...
2025-01-12 00:16:06 [main] INFO  hook.Hooks - Test başlıyor. URL açılıyor...
2025-01-12 00:16:55 [main] INFO  hook.Hooks - Test başlıyor. URL açılıyor...
2025-01-12 00:18:29 [main] INFO  hook.Hooks - Test başlıyor. URL açılıyor...
2025-01-12 00:21:25 [main] INFO  hook.Hooks - Test başlıyor. URL açılıyor...
2025-01-12 00:25:04 [main] INFO  hook.Hooks - Test başlıyor. URL açılıyor...
2025-01-12 00:25:56 [main] INFO  hook.Hooks - Test başlıyor. URL açılıyor...
2025-01-12 00:39:26 [main] INFO  hook.Hooks - Test başlıyor. URL açılıyor...
2025-01-12 00:40:58 [main] INFO  hook.Hooks - Test başlıyor. URL açılıyor...
2025-01-12 00:41:04 [main] INFO  hook.Hooks - Test başlıyor. URL açılıyor...
2025-01-12 00:41:11 [main] INFO  hook.Hooks - Test başlıyor. URL açılıyor...
2025-01-12 00:41:17 [main] INFO  hook.Hooks - Test başlıyor. URL açılıyor...
2025-01-12 00:41:23 [main] INFO  hook.Hooks - Test başlıyor. URL açılıyor...
2025-01-12 00:41:32 [main] INFO  hook.Hooks - Test başlıyor. URL açılıyor...
2025-01-12 00:41:41 [main] INFO  hook.Hooks - Test başlıyor. URL açılıyor...
2025-01-12 00:41:50 [main] INFO  hook.Hooks - Test başlıyor. URL açılıyor...
2025-01-12 00:41:59 [main] INFO  hook.Hooks - Test başlıyor. URL açılıyor...
2025-01-12 00:42:06 [main] INFO  hook.Hooks - Test başlıyor. URL açılıyor...
2025-01-12 00:42:12 [main] INFO  hook.Hooks - Test başlıyor. URL açılıyor...
2025-01-12 00:47:17 [main] INFO  hook.Hooks - Test başlıyor. URL açılıyor...
2025-01-12 00:47:26 [main] INFO  hook.Hooks - Test başlıyor. URL açılıyor...
2025-01-12 00:47:35 [main] INFO  hook.Hooks - Test başlıyor. URL açılıyor...
2025-01-12 00:47:44 [main] INFO  hook.Hooks - Test başlıyor. URL açılıyor...
2025-01-12 01:00:05 [main] INFO  hook.Hooks - Test başlıyor. URL açılıyor...
2025-01-12 01:00:11 [main] INFO  hook.Hooks - Test başlıyor. URL açılıyor...
2025-01-12 01:00:48 [main] INFO  hook.Hooks - Test başlıyor. URL açılıyor...
2025-01-12 01:00:55 [main] INFO  hook.Hooks - Test başlıyor. URL açılıyor...
2025-01-12 01:12:05 [main] INFO  hook.Hooks - Test başlıyor. URL açılıyor...
2025-01-12 01:12:12 [main] INFO  hook.Hooks - Test başlıyor. URL açılıyor...
2025-01-12 01:12:18 [main] INFO  hook.Hooks - Test başlıyor. URL açılıyor...
2025-01-12 01:12:24 [main] INFO  hook.Hooks - Test başlıyor. URL açılıyor...
2025-01-12 01:12:31 [main] INFO  hook.Hooks - Test başlıyor. URL açılıyor...
2025-01-12 01:12:37 [main] INFO  hook.Hooks - Test başlıyor. URL açılıyor...
2025-01-12 01:12:43 [main] INFO  hook.Hooks - Test başlıyor. URL açılıyor...
2025-01-12 01:12:52 [main] INFO  hook.Hooks - Test başlıyor. URL açılıyor...
2025-01-12 01:13:01 [main] INFO  hook.Hooks - Test başlıyor. URL açılıyor...
2025-01-12 01:13:10 [main] INFO  hook.Hooks - Test başlıyor. URL açılıyor...
2025-01-12 01:13:19 [main] INFO  hook.Hooks - Test başlıyor. URL açılıyor...
2025-01-12 01:13:26 [main] INFO  hook.Hooks - Test başlıyor. URL açılıyor...
2025-01-12 01:13:32 [main] INFO  hook.Hooks - Test başlıyor. URL açılıyor...
2025-01-12 01:32:40 [main] INFO  hook.Hooks - Test başlıyor. URL açılıyor...
2025-01-12 01:32:46 [main] INFO  hook.Hooks - Test başlıyor. URL açılıyor...
2025-01-12 01:32:53 [main] INFO  hook.Hooks - Test başlıyor. URL açılıyor...
2025-01-12 01:32:59 [main] INFO  hook.Hooks - Test başlıyor. URL açılıyor...
2025-01-12 01:33:05 [main] INFO  hook.Hooks - Test başlıyor. URL açılıyor...
2025-01-12 01:33:12 [main] INFO  hook.Hooks - Test başlıyor. URL açılıyor...
2025-01-12 01:33:18 [main] INFO  hook.Hooks - Test başlıyor. URL açılıyor...
2025-01-12 01:33:27 [main] INFO  hook.Hooks - Test başlıyor. URL açılıyor...
2025-01-12 01:33:36 [main] INFO  hook.Hooks - Test başlıyor. URL açılıyor...
2025-01-12 01:33:45 [main] INFO  hook.Hooks - Test başlıyor. URL açılıyor...
2025-01-12 01:33:54 [main] INFO  hook.Hooks - Test başlıyor. URL açılıyor...
2025-01-12 01:34:01 [main] INFO  hook.Hooks - Test başlıyor. URL açılıyor...
2025-01-12 01:34:07 [main] INFO  hook.Hooks - Test başlıyor. URL açılıyor...
2025-01-12 02:21:55 [main] INFO  hook.Hooks - Test başlıyor. URL açılıyor...
2025-01-12 02:22:01 [main] INFO  hook.Hooks - Test başlıyor. URL açılıyor...
2025-01-12 02:22:07 [main] INFO  hook.Hooks - Test başlıyor. URL açılıyor...
2025-01-12 02:24:55 [main] INFO  hook.Hooks - Test başlıyor. URL açılıyor...
2025-01-12 02:25:02 [main] INFO  hook.Hooks - Test başlıyor. URL açılıyor...
2025-01-12 02:25:08 [main] INFO  hook.Hooks - Test başlıyor. URL açılıyor...
2025-01-12 02:47:57 [main] INFO  hook.Hooks - Test başlıyor. URL açılıyor...
2025-01-12 02:48:03 [main] INFO  hook.Hooks - Test başlıyor. URL açılıyor...
2025-01-12 02:48:09 [main] INFO  hook.Hooks - Test başlıyor. URL açılıyor...
2025-01-12 02:53:38 [main] INFO  hook.Hooks - Test başlıyor. URL açılıyor...
2025-01-12 02:53:45 [main] INFO  hook.Hooks - Test başlıyor. URL açılıyor...
2025-01-12 02:53:51 [main] INFO  hook.Hooks - Test başlıyor. URL açılıyor...
